app/build/outputs/logs/manifest-merger-debug-report.txt
-- Merging decision tree log ---
manifest
ADDED from src/main/AndroidManifest.xml:2:1-229:12
	package
		ADDED from src/main/AndroidManifest.xml:3:5-27
		INJECTED from src/main/AndroidManifest.xml
		INJECTED from src/main/AndroidManifest.xml
	android:versionName
		ADDED from src/main/AndroidManifest.xml:5:5-30
		INJECTED from src/main/AndroidManifest.xml
		INJECTED from src/main/AndroidManifest.xml
	android:versionCode
		ADDED from src/main/AndroidManifest.xml:4:5-28
		INJECTED from src/main/AndroidManifest.xml
		INJECTED from src/main/AndroidManifest.xml
	xmlns:android
		ADDED from src/main/AndroidManifest.xml:2:11-69
uses-sdk
ADDED from src/main/AndroidManifest.xml:7:5-9:41
	android:targetSdkVersion
		ADDED from src/main/AndroidManifest.xml:9:9-38
		INJECTED from src/main/AndroidManifest.xml
		INJECTED from src/main/AndroidManifest.xml
	android:minSdkVersion
		ADDED from src/main/AndroidManifest.xml:8:9-35
		INJECTED from src/main/AndroidManifest.xml
		INJECTED from src/main/AndroidManifest.xml
uses-permission#android.permission.BLUETOOTH
ADDED from src/main/AndroidManifest.xml:11:5-68
	android:name
		ADDED from src/main/AndroidManifest.xml:11:22-65
uses-permission#android.permission.BLUETOOTH_ADMIN
ADDED from src/main/AndroidManifest.xml:12:5-74
	android:name
		ADDED from src/main/AndroidManifest.xml:12:22-71
uses-permission#android.permission.CALL_PHONE
ADDED from src/main/AndroidManifest.xml:14:5-69
	android:name
		ADDED from src/main/AndroidManifest.xml:14:22-66
uses-permission#android.permission.INTERNET
ADDED from src/main/AndroidManifest.xml:15:5-67
	android:name
		ADDED from src/main/AndroidManifest.xml:15:22-64
uses-permission#android.permission.SET_WALLPAPER
ADDED from src/main/AndroidManifest.xml:16:5-72
	android:name
		ADDED from src/main/AndroidManifest.xml:16:22-69
uses-permission#android.permission.READ_EXTERNAL_STORAGE
ADDED from src/main/AndroidManifest.xml:18:5-80
	android:name
		ADDED from src/main/AndroidManifest.xml:18:22-77
uses-permission#android.permission.WRITE_EXTERNAL_STORAGE
ADDED from src/main/AndroidManifest.xml:19:5-81
	android:name
		ADDED from src/main/AndroidManifest.xml:19:22-78
uses-permission#android.permission.RECEIVE_BOOT_COMPLETED
ADDED from src/main/AndroidManifest.xml:21:5-81
	android:name
		ADDED from src/main/AndroidManifest.xml:21:22-78
uses-permission#android.permission.READ_CONTACTS
ADDED from src/main/AndroidManifest.xml:23:5-72
	android:name
		ADDED from src/main/AndroidManifest.xml:23:22-69
uses-permission#android.permission.READ_PHONE_STATE
ADDED from src/main/AndroidManifest.xml:24:5-75
	android:name
		ADDED from src/main/AndroidManifest.xml:24:22-72
uses-permission#android.permission.ACCESS_WIFI_STATE
ADDED from src/main/AndroidManifest.xml:26:5-76
	android:name
		ADDED from src/main/AndroidManifest.xml:26:22-73
uses-permission#android.permission.CHANGE_WIFI_STATE
ADDED from src/main/AndroidManifest.xml:27:5-76
	android:name
		ADDED from src/main/AndroidManifest.xml:27:22-73
uses-feature#android:hardware:camera
ADDED from src/main/AndroidManifest.xml:29:5-60
	android:name
		ADDED from src/main/AndroidManifest.xml:29:19-57
application
ADDED from src/main/AndroidManifest.xml:31:5-227:19
	android:label
		ADDED from src/main/AndroidManifest.xml:34:9-41
	android:allowBackup
		ADDED from src/main/AndroidManifest.xml:32:9-35
	android:icon
		ADDED from src/main/AndroidManifest.xml:33:9-45
	android:theme
		ADDED from src/main/AndroidManifest.xml:35:9-40
activity#com.hp.noida.MainActivity
ADDED from src/main/AndroidManifest.xml:36:9-44:20
	android:label
		ADDED from src/main/AndroidManifest.xml:38:13-45
	android:name
		ADDED from src/main/AndroidManifest.xml:37:13-53
intent-filter#android.intent.action.MAIN+android.intent.category.DEFAULT
ADDED from src/main/AndroidManifest.xml:39:13-43:29
action#android.intent.action.MAIN
ADDED from src/main/AndroidManifest.xml:40:17-69
	android:name
		ADDED from src/main/AndroidManifest.xml:40:25-66
category#android.intent.category.DEFAULT
ADDED from src/main/AndroidManifest.xml:42:17-76
	android:name
		ADDED from src/main/AndroidManifest.xml:42:27-73
activity#com.hp.noida.LCDActivity
ADDED from src/main/AndroidManifest.xml:45:9-53:20
	android:label
		ADDED from src/main/AndroidManifest.xml:47:13-55
	android:name
		ADDED from src/main/AndroidManifest.xml:46:13-52
activity#com.hp.noida.MenuActivity
ADDED from src/main/AndroidManifest.xml:54:9-67:20
	android:label
		ADDED from src/main/AndroidManifest.xml:56:13-56
	android:parentActivityName
		ADDED from src/main/AndroidManifest.xml:57:13-66
	android:name
		ADDED from src/main/AndroidManifest.xml:55:13-53
meta-data#android.support.PARENT_ACTIVITY
ADDED from src/main/AndroidManifest.xml:58:13-60:60
	android:value
		ADDED from src/main/AndroidManifest.xml:60:17-57
	android:name
		ADDED from src/main/AndroidManifest.xml:59:17-63
activity#com.hp.noida.LoginActivity
ADDED from src/main/AndroidManifest.xml:68:9-76:20
	android:label
		ADDED from src/main/AndroidManifest.xml:70:13-57
	android:name
		ADDED from src/main/AndroidManifest.xml:69:13-54
activity#com.hp.noida.LoginResultActivity
ADDED from src/main/AndroidManifest.xml:77:9-80:20
	android:label
		ADDED from src/main/AndroidManifest.xml:79:13-64
	android:name
		ADDED from src/main/AndroidManifest.xml:78:13-60
activity#com.hp.noida.SplashActivity
ADDED from src/main/AndroidManifest.xml:81:9-89:20
	android:label
		ADDED from src/main/AndroidManifest.xml:83:13-58
	android:name
		ADDED from src/main/AndroidManifest.xml:82:13-55
intent-filter#android.intent.action.MAIN+android.intent.category.LAUNCHER
ADDED from src/main/AndroidManifest.xml:84:13-88:29
category#android.intent.category.LAUNCHER
ADDED from src/main/AndroidManifest.xml:87:17-77
	android:name
		ADDED from src/main/AndroidManifest.xml:87:27-74
activity#com.hp.noida.IntentDemoActivity
ADDED from src/main/AndroidManifest.xml:90:9-98:20
	android:label
		ADDED from src/main/AndroidManifest.xml:92:13-58
	android:name
		ADDED from src/main/AndroidManifest.xml:91:13-59
activity#com.hp.noida.DealActivity
ADDED from src/main/AndroidManifest.xml:99:9-102:20
	android:label
		ADDED from src/main/AndroidManifest.xml:101:13-56
	android:name
		ADDED from src/main/AndroidManifest.xml:100:13-53
activity#com.hp.noida.DealConfirmActivity
ADDED from src/main/AndroidManifest.xml:103:9-106:20
	android:label
		ADDED from src/main/AndroidManifest.xml:105:13-64
	android:name
		ADDED from src/main/AndroidManifest.xml:104:13-60
activity#com.hp.noida.DialogActivity
ADDED from src/main/AndroidManifest.xml:107:9-111:20
	android:label
		ADDED from src/main/AndroidManifest.xml:109:13-58
	android:theme
		ADDED from src/main/AndroidManifest.xml:110:13-56
	android:name
		ADDED from src/main/AndroidManifest.xml:108:13-55
activity#com.hp.noida.ImageResourceActivity
ADDED from src/main/AndroidManifest.xml:112:9-115:20
	android:label
		ADDED from src/main/AndroidManifest.xml:114:13-57
	android:name
		ADDED from src/main/AndroidManifest.xml:113:13-62
activity#com.hp.noida.WallpaperActivity
ADDED from src/main/AndroidManifest.xml:116:9-119:20
	android:label
		ADDED from src/main/AndroidManifest.xml:118:13-61
	android:name
		ADDED from src/main/AndroidManifest.xml:117:13-58
activity#com.hp.noida.WallpaperActivity2
ADDED from src/main/AndroidManifest.xml:120:9-123:20
	android:label
		ADDED from src/main/AndroidManifest.xml:122:13-71
	android:name
		ADDED from src/main/AndroidManifest.xml:121:13-59
activity#com.hp.noida.AlertDialogActivity
ADDED from src/main/AndroidManifest.xml:124:9-127:20
	android:label
		ADDED from src/main/AndroidManifest.xml:126:13-64
	android:name
		ADDED from src/main/AndroidManifest.xml:125:13-60
activity#com.hp.noida.SpinnerActivity
ADDED from src/main/AndroidManifest.xml:128:9-131:20
	android:label
		ADDED from src/main/AndroidManifest.xml:130:13-59
	android:name
		ADDED from src/main/AndroidManifest.xml:129:13-56
activity#com.hp.noida.RadioActivity
ADDED from src/main/AndroidManifest.xml:132:9-135:20
	android:label
		ADDED from src/main/AndroidManifest.xml:134:13-57
	android:name
		ADDED from src/main/AndroidManifest.xml:133:13-54
activity#com.hp.noida.NotificationActivity
ADDED from src/main/AndroidManifest.xml:136:9-139:20
	android:label
		ADDED from src/main/AndroidManifest.xml:138:13-64
	android:name
		ADDED from src/main/AndroidManifest.xml:137:13-61
activity#com.hp.noida.OptionsMenuActivity
ADDED from src/main/AndroidManifest.xml:140:9-143:20
	android:label
		ADDED from src/main/AndroidManifest.xml:142:13-64
	android:name
		ADDED from src/main/AndroidManifest.xml:141:13-60
activity#com.hp.noida.CameraActivity
ADDED from src/main/AndroidManifest.xml:144:9-147:20
	android:label
		ADDED from src/main/AndroidManifest.xml:146:13-58
	android:name
		ADDED from src/main/AndroidManifest.xml:145:13-55
activity#com.hp.noida.PreferencesFromCode
ADDED from src/main/AndroidManifest.xml:148:9-151:20
	android:label
		ADDED from src/main/AndroidManifest.xml:150:13-73
	android:name
		ADDED from src/main/AndroidManifest.xml:149:13-60
activity#com.hp.noida.PreferencesFromXml
ADDED from src/main/AndroidManifest.xml:152:9-155:20
	android:label
		ADDED from src/main/AndroidManifest.xml:154:13-73
	android:name
		ADDED from src/main/AndroidManifest.xml:153:13-59
activity#com.hp.noida.ProgressBarActivity
ADDED from src/main/AndroidManifest.xml:156:9-159:20
	android:label
		ADDED from src/main/AndroidManifest.xml:158:13-64
	android:name
		ADDED from src/main/AndroidManifest.xml:157:13-60
activity#com.hp.noida.SeekBarActivity
ADDED from src/main/AndroidManifest.xml:160:9-163:20
	android:label
		ADDED from src/main/AndroidManifest.xml:162:13-60
	android:name
		ADDED from src/main/AndroidManifest.xml:161:13-56
activity#com.hp.noida.BluetootActivity
ADDED from src/main/AndroidManifest.xml:164:9-167:20
	android:label
		ADDED from src/main/AndroidManifest.xml:166:13-60
	android:name
		ADDED from src/main/AndroidManifest.xml:165:13-57
activity#com.hp.noida.DatabaseActivity
ADDED from src/main/AndroidManifest.xml:168:9-171:20
	android:label
		ADDED from src/main/AndroidManifest.xml:170:13-60
	android:name
		ADDED from src/main/AndroidManifest.xml:169:13-57
activity#com.hp.noida.PreferenceUseActivity
ADDED from src/main/AndroidManifest.xml:172:9-175:20
	android:label
		ADDED from src/main/AndroidManifest.xml:174:13-66
	android:name
		ADDED from src/main/AndroidManifest.xml:173:13-62
activity#com.hp.noida.SDCardActivity
ADDED from src/main/AndroidManifest.xml:176:9-179:20
	android:label
		ADDED from src/main/AndroidManifest.xml:178:13-58
	android:name
		ADDED from src/main/AndroidManifest.xml:177:13-55
activity#com.hp.noida.ProximitySensorActivity
ADDED from src/main/AndroidManifest.xml:180:9-183:20
	android:label
		ADDED from src/main/AndroidManifest.xml:182:13-68
	android:name
		ADDED from src/main/AndroidManifest.xml:181:13-64
activity#com.hp.noida.OrientationSensorActivity
ADDED from src/main/AndroidManifest.xml:184:9-187:20
	android:label
		ADDED from src/main/AndroidManifest.xml:186:13-70
	android:name
		ADDED from src/main/AndroidManifest.xml:185:13-66
receiver#com.hp.noida.MyBroadcastReceiver
ADDED from src/main/AndroidManifest.xml:189:9-197:20
	android:enabled
		ADDED from src/main/AndroidManifest.xml:191:13-35
	android:exported
		ADDED from src/main/AndroidManifest.xml:192:13-36
	android:name
		ADDED from src/main/AndroidManifest.xml:190:13-60
intent-filter#android.intent.action.BOOT_COMPLETED
ADDED from src/main/AndroidManifest.xml:193:13-196:29
action#android.intent.action.BOOT_COMPLETED
ADDED from src/main/AndroidManifest.xml:194:17-79
	android:name
		ADDED from src/main/AndroidManifest.xml:194:25-76
receiver#com.hp.noida.MyBroadcastReceiver2
ADDED from src/main/AndroidManifest.xml:198:9-205:20
	android:enabled
		ADDED from src/main/AndroidManifest.xml:200:13-35
	android:exported
		ADDED from src/main/AndroidManifest.xml:201:13-36
	android:name
		ADDED from src/main/AndroidManifest.xml:199:13-61
intent-filter#android.intent.action.PHONE_STATE
ADDED from src/main/AndroidManifest.xml:202:13-204:29
action#android.intent.action.PHONE_STATE
ADDED from src/main/AndroidManifest.xml:203:17-76
	android:name
		ADDED from src/main/AndroidManifest.xml:203:25-73
activity#com.hp.noida.WifiActivity
ADDED from src/main/AndroidManifest.xml:207:9-210:20
	android:label
		ADDED from src/main/AndroidManifest.xml:209:13-56
	android:name
		ADDED from src/main/AndroidManifest.xml:208:13-53
activity#com.hp.noida.ContactsProviderActivity
ADDED from src/main/AndroidManifest.xml:211:9-214:20
	android:label
		ADDED from src/main/AndroidManifest.xml:213:13-69
	android:name
		ADDED from src/main/AndroidManifest.xml:212:13-65
activity#com.hp.noida.DynamicListActivity
ADDED from src/main/AndroidManifest.xml:215:9-218:20
	android:label
		ADDED from src/main/AndroidManifest.xml:217:13-64
	android:name
		ADDED from src/main/AndroidManifest.xml:216:13-60
activity#com.hp.noida.CustomListActivity
ADDED from src/main/AndroidManifest.xml:219:9-226:20
	android:label
		ADDED from src/main/AndroidManifest.xml:221:13-63
	android:parentActivityName
		ADDED from src/main/AndroidManifest.xml:222:13-66
	android:name
		ADDED from src/main/AndroidManifest.xml:220:13-59